<?xml version="1.0" encoding="UTF-8"?>
<Site BuildName="Linux-g++"
	BuildStamp="20240501-0725-Experimental"
	Name="HP-EliteBook-855"
	Generator="ctest-3.22.1"
	CompilerName="/usr/bin/g++"
	CompilerVersion="11.4.0"
	OSName="Linux"
	Hostname="HP-EliteBook-855"
	OSRelease="6.5.0-27-generic"
	OSVersion="#28~22.04.1-Ubuntu SMP PREEMPT_DYNAMIC Fri Mar 15 10:51:06 UTC 2"
	OSPlatform="x86_64"
	Is64Bits="1"
	VendorString="AuthenticAMD"
	VendorID="Advanced Micro Devices"
	FamilyID="23"
	ModelID="96"
	ProcessorCacheSize="512"
	NumberOfLogicalCPU="16"
	NumberOfPhysicalCPU="8"
	TotalVirtualMemory="3905"
	TotalPhysicalMemory="15305"
	LogicalProcessorsPerPhysical="2"
	ProcessorClockFrequency="3853.7"
	>
	<Testing>
		<StartDateTime>May 01 09:25 CEST</StartDateTime>
		<StartTestTime>1714548300</StartTestTime>
		<TestList/>
		<EndDateTime>May 01 09:25 CEST</EndDateTime>
		<EndTestTime>1714548300</EndTestTime>
		<ElapsedMinutes>0</ElapsedMinutes>
	</Testing>
</Site>
