<?xml version="1.0" encoding="UTF-8"?>
<Site BuildName="Linux-g++"
	BuildStamp="20240413-0752-Experimental"
	Name="HP-EliteBook-855"
	Generator="ctest-3.22.1"
	CompilerName="/usr/bin/g++"
	CompilerVersion="11.4.0"
	OSName="Linux"
	Hostname="HP-EliteBook-855"
	OSRelease="6.5.0-26-generic"
	OSVersion="#26~22.04.1-Ubuntu SMP PREEMPT_DYNAMIC Tue Mar 12 10:22:43 UTC 2"
	OSPlatform="x86_64"
	Is64Bits="1"
	VendorString="AuthenticAMD"
	VendorID="Advanced Micro Devices"
	FamilyID="23"
	ModelID="96"
	ProcessorCacheSize="512"
	NumberOfLogicalCPU="16"
	NumberOfPhysicalCPU="8"
	TotalVirtualMemory="3905"
	TotalPhysicalMemory="15305"
	LogicalProcessorsPerPhysical="2"
	ProcessorClockFrequency="1247.56"
	>
	<Testing>
		<StartDateTime>Apr 13 09:52 CEST</StartDateTime>
		<StartTestTime>1712994764</StartTestTime>
		<TestList/>
		<EndDateTime>Apr 13 09:52 CEST</EndDateTime>
		<EndTestTime>1712994764</EndTestTime>
		<ElapsedMinutes>0</ElapsedMinutes>
	</Testing>
</Site>
