<?xml version="1.0" encoding="UTF-8"?>
<Site BuildName="Linux-g++"
	BuildStamp="20240403-1854-Experimental"
	Name="HP-EliteBook-855"
	Generator="ctest-3.22.1"
	CompilerName="/usr/bin/g++"
	CompilerVersion="11.4.0"
	OSName="Linux"
	Hostname="HP-EliteBook-855"
	OSRelease="6.5.0-21-generic"
	OSVersion="#21~22.04.1-Ubuntu SMP PREEMPT_DYNAMIC Fri Feb  9 13:32:52 UTC 2"
	OSPlatform="x86_64"
	Is64Bits="1"
	VendorString="AuthenticAMD"
	VendorID="Advanced Micro Devices"
	FamilyID="23"
	ModelID="96"
	ProcessorCacheSize="512"
	NumberOfLogicalCPU="16"
	NumberOfPhysicalCPU="8"
	TotalVirtualMemory="3905"
	TotalPhysicalMemory="15305"
	LogicalProcessorsPerPhysical="2"
	ProcessorClockFrequency="2495.64"
	>
	<Testing>
		<StartDateTime>Apr 03 20:54 CEST</StartDateTime>
		<StartTestTime>1712170464</StartTestTime>
		<TestList/>
		<EndDateTime>Apr 03 20:54 CEST</EndDateTime>
		<EndTestTime>1712170464</EndTestTime>
		<ElapsedMinutes>0</ElapsedMinutes>
	</Testing>
</Site>
